#
# A fatal error has been detected by the Java Runtime Environment:
#
#  SIGSEGV (0xb) at pc=0x0000000123693cdd, pid=13045, tid=0x000000000000e60f
#
# JRE version: Java(TM) SE Runtime Environment (8.0_111-b14) (build 1.8.0_111-b14)
# Java VM: Java HotSpot(TM) 64-Bit Server VM (25.111-b14 mixed mode bsd-amd64 compressed oops)
# Problematic frame:
# C  [libawt_lwawt.dylib+0x1acdd]  OGLSD_SetScratchSurface+0x49
#
# Failed to write core dump. Core dumps have been disabled. To enable core dumping, try "ulimit -c unlimited" before starting Java again
#
# If you would like to submit a bug report, please visit:
#   http://bugreport.java.com/bugreport/crash.jsp
# The crash happened outside the Java Virtual Machine in native code.
# See problematic frame for where to report the bug.
#

---------------  T H R E A D  ---------------

Current thread (0x00007fb17f9d2800):  JavaThread "Java2D Queue Flusher" daemon [_thread_in_native, id=58895, stack(0x0000700004cb3000,0x0000700004db3000)]

siginfo: si_signo: 11 (SIGSEGV), si_code: 1 (SEGV_MAPERR), si_addr: 0x0000000000000002

Registers:
RAX=0x00000000ffffffff, RBX=0x0000000000000002, RCX=0x0000000000000047, RDX=0x00000001236b4844
RSP=0x0000700004db26e0, RBP=0x0000700004db2700, RSI=0x00007fb17f5a48a0, RDI=0x00007fb17f9d29f8
R8 =0x00007fb17f458840, R9 =0x0000000000086180, R10=0x00000001144f39c8, R11=0x000000010aae3753
R12=0x0000000000000000, R13=0x00000001108733a8, R14=0x00007fb17f9d29f8, R15=0x00007fb17f9d2800
RIP=0x0000000123693cdd, EFLAGS=0x0000000000010202, ERR=0x0000000000000004
  TRAPNO=0x000000000000000e

Top of Stack: (sp=0x0000700004db26e0)
0x0000700004db26e0:   00007fb17f5a48a0 0000000000000000
0x0000700004db26f0:   00007fb18304b010 00007fb17f9d2800
0x0000700004db2700:   0000700004db2780 00000001236b4322
0x0000700004db2710:   00007fb17f9d2800 0000000210876fd8
0x0000700004db2720:   0000000000000000 000000018088bc0a
0x0000700004db2730:   0000000000000064 00007fb17f9d2800
0x0000700004db2740:   0000000000000bad 00007fb18304b020
0x0000700004db2750:   00007fb1009d2800 00007fb17f9d29f8
0x0000700004db2760:   00000001108733a8 0000000000000000
0x0000700004db2770:   0000700004db2830 00007fb17f9d2800
0x0000700004db2780:   0000700004db27f8 00000001144f39f4
0x0000700004db2790:   00000001104f7520 0000000000000000
0x0000700004db27a0:   00000001104f5a78 0000000000000000
0x0000700004db27b0:   0000700004db27d0 0000700004db27b8
0x0000700004db27c0:   0000000000000000 0000700004db2830
0x0000700004db27d0:   0000000110874440 0000000000000000
0x0000700004db27e0:   00000001108733a8 0000000000000000
0x0000700004db27f0:   0000700004db2818 0000700004db2878
0x0000700004db2800:   00000001144e42bd 0000000000000000
0x0000700004db2810:   00000001144ed538 0000000000000020
0x0000700004db2820:   00007fb18304b000 0000000797642678
0x0000700004db2830:   0000000797642660 0000700004db2838
0x0000700004db2840:   0000000110873455 0000700004db2890
0x0000700004db2850:   0000000110874440 0000000000000000
0x0000700004db2860:   0000000110873478 0000700004db2818
0x0000700004db2870:   0000700004db2890 0000700004db28d8
0x0000700004db2880:   00000001144e42bd 0000000000000020
0x0000700004db2890:   0000000797642660 0000700004db2898
0x0000700004db28a0:   0000000110873631 0000700004db28e8
0x0000700004db28b0:   0000000110874440 0000000000000000
0x0000700004db28c0:   0000000110873640 0000700004db2890
0x0000700004db28d0:   0000700004db28e8 0000700004db2940 

Instructions: (pc=0x0000000123693cdd)
0x0000000123693cbd:   c0 e9 82 00 00 00 48 8b 5e 10 48 85 db 75 0e bf
0x0000000123693ccd:   01 00 00 00 48 8d 15 ef 76 03 00 eb d6 49 89 fe
0x0000000123693cdd:   4c 8b 3b 30 c0 e8 83 a3 02 00 49 8b 3f 49 89 c4
0x0000000123693ced:   48 8b 35 34 f9 05 00 30 c0 e8 cb a4 02 00 48 85 

Register to memory mapping:

RAX=0x00000000ffffffff is an unknown value
RBX=0x0000000000000002 is an unknown value
RCX=0x0000000000000047 is an unknown value
RDX=0x00000001236b4844: Java_sun_java2d_opengl_OGLRenderQueue_flushBuffer+0xb5c in /Library/Java/JavaVirtualMachines/jdk1.8.0_111.jdk/Contents/Home/jre/lib/libawt_lwawt.dylib at 0x0000000123679000
RSP=0x0000700004db26e0 is pointing into the stack for thread: 0x00007fb17f9d2800
RBP=0x0000700004db2700 is pointing into the stack for thread: 0x00007fb17f9d2800
RSI=0x00007fb17f5a48a0 is an unknown value
RDI=0x00007fb17f9d29f8 is an unknown value
R8 =0x00007fb17f458840 is an unknown value
R9 =0x0000000000086180 is an unknown value
R10=0x00000001144f39c8 is at code_begin+808 in an Interpreter codelet
method entry point (kind = native)  [0x00000001144f36a0, 0x00000001144f3fa0]  2304 bytes
R11=0x000000010aae3753: throw_unsatisfied_link_error+0 in /Library/Java/JavaVirtualMachines/jdk1.8.0_111.jdk/Contents/Home/jre/lib/server/libjvm.dylib at 0x000000010a600000
R12=0x0000000000000000 is an unknown value
R13={method} {0x00000001108733a8} 'flushBuffer' '(JI)V' in 'sun/java2d/opengl/OGLRenderQueue'
R14=0x00007fb17f9d29f8 is an unknown value
R15=0x00007fb17f9d2800 is a thread


Stack: [0x0000700004cb3000,0x0000700004db3000],  sp=0x0000700004db26e0,  free space=1021k
Native frames: (J=compiled Java code, j=interpreted, Vv=VM code, C=native code)
C  [libawt_lwawt.dylib+0x1acdd]  OGLSD_SetScratchSurface+0x49
C  [libawt_lwawt.dylib+0x3b322]  Java_sun_java2d_opengl_OGLRenderQueue_flushBuffer+0x63a
j  sun.java2d.opengl.OGLRenderQueue.flushBuffer(JI)V+0
j  sun.java2d.opengl.OGLRenderQueue.flushBuffer()V+21
j  sun.java2d.opengl.OGLRenderQueue.access$100(Lsun/java2d/opengl/OGLRenderQueue;)V+1
j  sun.java2d.opengl.OGLRenderQueue$QueueFlusher.run()V+81
v  ~StubRoutines::call_stub
V  [libjvm.dylib+0x2ecf8a]
V  [libjvm.dylib+0x2ed718]
V  [libjvm.dylib+0x2ed8c4]
V  [libjvm.dylib+0x348039]
V  [libjvm.dylib+0x56a27b]
V  [libjvm.dylib+0x56b968]
V  [libjvm.dylib+0x489b0a]
C  [libsystem_pthread.dylib+0x3aab]  _pthread_body+0xb4
C  [libsystem_pthread.dylib+0x39f7]  _pthread_body+0x0
C  [libsystem_pthread.dylib+0x31fd]  thread_start+0xd
C  0x0000000000000000

Java frames: (J=compiled Java code, j=interpreted, Vv=VM code)
j  sun.java2d.opengl.OGLRenderQueue.flushBuffer(JI)V+0
j  sun.java2d.opengl.OGLRenderQueue.flushBuffer()V+21
j  sun.java2d.opengl.OGLRenderQueue.access$100(Lsun/java2d/opengl/OGLRenderQueue;)V+1
j  sun.java2d.opengl.OGLRenderQueue$QueueFlusher.run()V+81
v  ~StubRoutines::call_stub

---------------  P R O C E S S  ---------------

Java Threads: ( => current thread )
  0x00007fb181005800 JavaThread "DestroyJavaVM" [_thread_blocked, id=7171, stack(0x00007000035e8000,0x00007000036e8000)]
  0x00007fb1812e4000 JavaThread "main-FPSAWTAnimator#00-Timer0" [_thread_blocked, id=72755, stack(0x00007000050c2000,0x00007000051c2000)]
  0x00007fb1808a7000 JavaThread "AWT-EventQueue-0" [_thread_in_Java, id=61531, stack(0x0000700004eb9000,0x0000700004fb9000)]
  0x00007fb180186800 JavaThread "Java2D Disposer" daemon [_thread_blocked, id=59155, stack(0x0000700004db6000,0x0000700004eb6000)]
=>0x00007fb17f9d2800 JavaThread "Java2D Queue Flusher" daemon [_thread_in_native, id=58895, stack(0x0000700004cb3000,0x0000700004db3000)]
  0x00007fb1800d0800 JavaThread "AWT-Shutdown" [_thread_blocked, id=33055, stack(0x00007000049a4000,0x0000700004aa4000)]
  0x00007fb1800da000 JavaThread "AWT-AppKit" daemon [_thread_in_native, id=775, stack(0x00007fff55f6d000,0x00007fff5676d000)]
  0x00007fb18002c000 JavaThread "Service Thread" daemon [_thread_blocked, id=21251, stack(0x000070000471b000,0x000070000481b000)]
  0x00007fb180809000 JavaThread "C1 CompilerThread3" daemon [_thread_blocked, id=20739, stack(0x0000700004618000,0x0000700004718000)]
  0x00007fb180038800 JavaThread "C2 CompilerThread2" daemon [_thread_blocked, id=20227, stack(0x0000700004515000,0x0000700004615000)]
  0x00007fb180038000 JavaThread "C2 CompilerThread1" daemon [_thread_blocked, id=19715, stack(0x0000700004412000,0x0000700004512000)]
  0x00007fb18001c800 JavaThread "C2 CompilerThread0" daemon [_thread_blocked, id=19203, stack(0x000070000430f000,0x000070000440f000)]
  0x00007fb18001b800 JavaThread "Signal Dispatcher" daemon [_thread_blocked, id=18691, stack(0x000070000420c000,0x000070000430c000)]
  0x00007fb180013800 JavaThread "Finalizer" daemon [_thread_blocked, id=14595, stack(0x0000700004109000,0x0000700004209000)]
  0x00007fb180010800 JavaThread "Reference Handler" daemon [_thread_blocked, id=14083, stack(0x0000700004006000,0x0000700004106000)]

Other Threads:
  0x00007fb18000c000 VMThread [stack: 0x0000700003f03000,0x0000700004003000] [id=13571]
  0x00007fb18105e800 WatcherThread [stack: 0x000070000481e000,0x000070000491e000] [id=21763]

VM state:not at safepoint (normal execution)

VM Mutex/Monitor currently owned by a thread: None

Heap:
 PSYoungGen      total 37888K, used 5349K [0x0000000795580000, 0x0000000798080000, 0x00000007c0000000)
  eden space 32768K, 3% used [0x0000000795580000,0x00000007956b1538,0x0000000797580000)
  from space 5120K, 80% used [0x0000000797600000,0x0000000797a08020,0x0000000797b00000)
  to   space 5632K, 0% used [0x0000000797b00000,0x0000000797b00000,0x0000000798080000)
 ParOldGen       total 87552K, used 504K [0x0000000740000000, 0x0000000745580000, 0x0000000795580000)
  object space 87552K, 0% used [0x0000000740000000,0x000000074007e298,0x0000000745580000)
 Metaspace       used 14591K, capacity 14782K, committed 15104K, reserved 1062912K
  class space    used 1443K, capacity 1509K, committed 1536K, reserved 1048576K

Card table byte_map: [0x000000010b961000,0x000000010bd62000] byte_map_base: 0x0000000107f61000

Marking Bits: (ParMarkBitMap*) 0x000000010aeefd20
 Begin Bits: [0x000000010c00d000, 0x000000010e00d000)
 End Bits:   [0x000000010e00d000, 0x000000011000d000)

Polling page: 0x0000000109567000

CodeCache: size=245760Kb used=5961Kb max_used=5977Kb free=239798Kb
 bounds [0x00000001144dc000, 0x0000000114acc000, 0x00000001234dc000]
 total_blobs=2236 nmethods=1419 adapters=731
 compilation: enabled

Compilation events (10 events):
Event: 624.372 Thread 0x00007fb18001c800 1427       4       jogamp.nativewindow.jawt.macosx.MacOSXJAWTWindow::lockSurfaceImpl (475 bytes)
Event: 624.405 Thread 0x00007fb180038000 1428       4       com.jogamp.opengl.awt.GLCanvas::getGraphicsConfiguration (543 bytes)
Event: 624.412 Thread 0x00007fb180038000 nmethod 1428 0x0000000114aae410 code [0x0000000114aae640, 0x0000000114aaf100]
Event: 624.418 Thread 0x00007fb18001c800 nmethod 1427 0x0000000114aafc90 code [0x0000000114ab0040, 0x0000000114ab1980]
Event: 624.422 Thread 0x00007fb180038800 1429   !   4       jogamp.opengl.GLContextImpl::release (454 bytes)
Event: 624.422 Thread 0x00007fb180038000 1430   !   4       jogamp.opengl.GLContextImpl::makeCurrent (986 bytes)
Event: 624.438 Thread 0x00007fb18001c800 1431   !   4       com.jogamp.opengl.awt.GLCanvas$12::run (126 bytes)
Event: 624.441 Thread 0x00007fb180038800 nmethod 1429 0x0000000114ab48d0 code [0x0000000114ab4ba0, 0x0000000114ab63e0]
Event: 624.443 Thread 0x00007fb180038000 nmethod 1430 0x0000000114ab79d0 code [0x0000000114ab7d20, 0x0000000114ab9200]
Event: 624.451 Thread 0x00007fb18001c800 nmethod 1431 0x0000000114abb690 code [0x0000000114abb8e0, 0x0000000114abcbc0]

GC Heap History (10 events):
Event: 43.057 GC heap before
{Heap before GC invocations=1 (full 0):
 PSYoungGen      total 38400K, used 33280K [0x0000000795580000, 0x0000000798000000, 0x00000007c0000000)
  eden space 33280K, 100% used [0x0000000795580000,0x0000000797600000,0x0000000797600000)
  from space 5120K, 0% used [0x0000000797b00000,0x0000000797b00000,0x0000000798000000)
  to   space 5120K, 0% used [0x0000000797600000,0x0000000797600000,0x0000000797b00000)
 ParOldGen       total 87552K, used 0K [0x0000000740000000, 0x0000000745580000, 0x0000000795580000)
  object space 87552K, 0% used [0x0000000740000000,0x0000000740000000,0x0000000745580000)
 Metaspace       used 14555K, capacity 14782K, committed 15104K, reserved 1062912K
  class space    used 1438K, capacity 1509K, committed 1536K, reserved 1048576K
Event: 43.063 GC heap after
Heap after GC invocations=1 (full 0):
 PSYoungGen      total 38400K, used 5108K [0x0000000795580000, 0x0000000798000000, 0x00000007c0000000)
  eden space 33280K, 0% used [0x0000000795580000,0x0000000795580000,0x0000000797600000)
  from space 5120K, 99% used [0x0000000797600000,0x0000000797afd140,0x0000000797b00000)
  to   space 5120K, 0% used [0x0000000797b00000,0x0000000797b00000,0x0000000798000000)
 ParOldGen       total 87552K, used 488K [0x0000000740000000, 0x0000000745580000, 0x0000000795580000)
  object space 87552K, 0% used [0x0000000740000000,0x000000074007a298,0x0000000745580000)
 Metaspace       used 14555K, capacity 14782K, committed 15104K, reserved 1062912K
  class space    used 1438K, capacity 1509K, committed 1536K, reserved 1048576K
}
Event: 189.629 GC heap before
{Heap before GC invocations=2 (full 0):
 PSYoungGen      total 38400K, used 38388K [0x0000000795580000, 0x0000000798000000, 0x00000007c0000000)
  eden space 33280K, 100% used [0x0000000795580000,0x0000000797600000,0x0000000797600000)
  from space 5120K, 99% used [0x0000000797600000,0x0000000797afd140,0x0000000797b00000)
  to   space 5120K, 0% used [0x0000000797b00000,0x0000000797b00000,0x0000000798000000)
 ParOldGen       total 87552K, used 488K [0x0000000740000000, 0x0000000745580000, 0x0000000795580000)
  object space 87552K, 0% used [0x0000000740000000,0x000000074007a298,0x0000000745580000)
 Metaspace       used 14570K, capacity 14782K, committed 15104K, reserved 1062912K
  class space    used 1440K, capacity 1509K, committed 1536K, reserved 1048576K
Event: 189.635 GC heap after
Heap after GC invocations=2 (full 0):
 PSYoungGen      total 38400K, used 4035K [0x0000000795580000, 0x0000000798000000, 0x00000007c0000000)
  eden space 33280K, 0% used [0x0000000795580000,0x0000000795580000,0x0000000797600000)
  from space 5120K, 78% used [0x0000000797b00000,0x0000000797ef0d58,0x0000000798000000)
  to   space 5120K, 0% used [0x0000000797600000,0x0000000797600000,0x0000000797b00000)
 ParOldGen       total 87552K, used 496K [0x0000000740000000, 0x0000000745580000, 0x0000000795580000)
  object space 87552K, 0% used [0x0000000740000000,0x000000074007c298,0x0000000745580000)
 Metaspace       used 14570K, capacity 14782K, committed 15104K, reserved 1062912K
  class space    used 1440K, capacity 1509K, committed 1536K, reserved 1048576K
}
Event: 346.173 GC heap before
{Heap before GC invocations=3 (full 0):
 PSYoungGen      total 38400K, used 37315K [0x0000000795580000, 0x0000000798000000, 0x00000007c0000000)
  eden space 33280K, 100% used [0x0000000795580000,0x0000000797600000,0x0000000797600000)
  from space 5120K, 78% used [0x0000000797b00000,0x0000000797ef0d58,0x0000000798000000)
  to   space 5120K, 0% used [0x0000000797600000,0x0000000797600000,0x0000000797b00000)
 ParOldGen       total 87552K, used 496K [0x0000000740000000, 0x0000000745580000, 0x0000000795580000)
  object space 87552K, 0% used [0x0000000740000000,0x000000074007c298,0x0000000745580000)
 Metaspace       used 14570K, capacity 14782K, committed 15104K, reserved 1062912K
  class space    used 1440K, capacity 1509K, committed 1536K, reserved 1048576K
Event: 346.178 GC heap after
Heap after GC invocations=3 (full 0):
 PSYoungGen      total 38400K, used 4064K [0x0000000795580000, 0x0000000798000000, 0x00000007c0000000)
  eden space 33280K, 0% used [0x0000000795580000,0x0000000795580000,0x0000000797600000)
  from space 5120K, 79% used [0x0000000797600000,0x00000007979f8020,0x0000000797b00000)
  to   space 5120K, 0% used [0x0000000797b00000,0x0000000797b00000,0x0000000798000000)
 ParOldGen       total 87552K, used 496K [0x0000000740000000, 0x0000000745580000, 0x0000000795580000)
  object space 87552K, 0% used [0x0000000740000000,0x000000074007c298,0x0000000745580000)
 Metaspace       used 14570K, capacity 14782K, committed 15104K, reserved 1062912K
  class space    used 1440K, capacity 1509K, committed 1536K, reserved 1048576K
}
Event: 504.648 GC heap before
{Heap before GC invocations=4 (full 0):
 PSYoungGen      total 38400K, used 37344K [0x0000000795580000, 0x0000000798000000, 0x00000007c0000000)
  eden space 33280K, 100% used [0x0000000795580000,0x0000000797600000,0x0000000797600000)
  from space 5120K, 79% used [0x0000000797600000,0x00000007979f8020,0x0000000797b00000)
  to   space 5120K, 0% used [0x0000000797b00000,0x0000000797b00000,0x0000000798000000)
 ParOldGen       total 87552K, used 496K [0x0000000740000000, 0x0000000745580000, 0x0000000795580000)
  object space 87552K, 0% used [0x0000000740000000,0x000000074007c298,0x0000000745580000)
 Metaspace       used 14570K, capacity 14782K, committed 15104K, reserved 1062912K
  class space    used 1440K, capacity 1509K, committed 1536K, reserved 1048576K
Event: 504.653 GC heap after
Heap after GC invocations=4 (full 0):
 PSYoungGen      total 38400K, used 4064K [0x0000000795580000, 0x0000000798000000, 0x00000007c0000000)
  eden space 33280K, 0% used [0x0000000795580000,0x0000000795580000,0x0000000797600000)
  from space 5120K, 79% used [0x0000000797b00000,0x0000000797ef8020,0x0000000798000000)
  to   space 5120K, 0% used [0x0000000797600000,0x0000000797600000,0x0000000797b00000)
 ParOldGen       total 87552K, used 496K [0x0000000740000000, 0x0000000745580000, 0x0000000795580000)
  object space 87552K, 0% used [0x0000000740000000,0x000000074007c298,0x0000000745580000)
 Metaspace       used 14570K, capacity 14782K, committed 15104K, reserved 1062912K
  class space    used 1440K, capacity 1509K, committed 1536K, reserved 1048576K
}
Event: 659.477 GC heap before
{Heap before GC invocations=5 (full 0):
 PSYoungGen      total 38400K, used 37344K [0x0000000795580000, 0x0000000798000000, 0x00000007c0000000)
  eden space 33280K, 100% used [0x0000000795580000,0x0000000797600000,0x0000000797600000)
  from space 5120K, 79% used [0x0000000797b00000,0x0000000797ef8020,0x0000000798000000)
  to   space 5120K, 0% used [0x0000000797600000,0x0000000797600000,0x0000000797b00000)
 ParOldGen       total 87552K, used 496K [0x0000000740000000, 0x0000000745580000, 0x0000000795580000)
  object space 87552K, 0% used [0x0000000740000000,0x000000074007c298,0x0000000745580000)
 Metaspace       used 14591K, capacity 14782K, committed 15104K, reserved 1062912K
  class space    used 1443K, capacity 1509K, committed 1536K, reserved 1048576K
Event: 659.483 GC heap after
Heap after GC invocations=5 (full 0):
 PSYoungGen      total 37888K, used 4128K [0x0000000795580000, 0x0000000798080000, 0x00000007c0000000)
  eden space 32768K, 0% used [0x0000000795580000,0x0000000795580000,0x0000000797580000)
  from space 5120K, 80% used [0x0000000797600000,0x0000000797a08020,0x0000000797b00000)
  to   space 5632K, 0% used [0x0000000797b00000,0x0000000797b00000,0x0000000798080000)
 ParOldGen       total 87552K, used 504K [0x0000000740000000, 0x0000000745580000, 0x0000000795580000)
  object space 87552K, 0% used [0x0000000740000000,0x000000074007e298,0x0000000745580000)
 Metaspace       used 14591K, capacity 14782K, committed 15104K, reserved 1062912K
  class space    used 1443K, capacity 1509K, committed 1536K, reserved 1048576K
}

Deoptimization events (10 events):
Event: 538.839 Thread 0x00007fb1808a7000 Uncommon trap: reason=unstable_if action=reinterpret pc=0x00000001149e3180 method=com.jogamp.nativewindow.awt.JAWTWindow.updatePixelScale(Ljava/awt/GraphicsConfiguration;Z)Z @ 160
Event: 538.839 Thread 0x00007fb1808a7000 Uncommon trap: reason=unstable_if action=reinterpret pc=0x0000000114a104f0 method=java.lang.Math.abs(F)F @ 3
Event: 538.847 Thread 0x00007fb1808a7000 Uncommon trap: reason=unstable_if action=reinterpret pc=0x00000001149e52c0 method=jogamp.opengl.GLFBODrawableImpl.contextMadeCurrent(Lcom/jogamp/opengl/GLContext;Z)V @ 73
Event: 538.847 Thread 0x00007fb1808a7000 Uncommon trap: reason=unstable_if action=reinterpret pc=0x0000000114a3a3e8 method=com.jogamp.opengl.FBObject.bind(Lcom/jogamp/opengl/GL;)V @ 4
Event: 538.847 Thread 0x00007fb1808a7000 Uncommon trap: reason=unstable_if action=reinterpret pc=0x0000000114a41454 method=com.jogamp.opengl.awt.GLCanvas$11.run()V @ 7
Event: 538.872 Thread 0x00007fb1808a7000 Uncommon trap: reason=unstable_if action=reinterpret pc=0x00000001149e0068 method=jogamp.opengl.macosx.cgl.MacOSXCGLContext$NSOpenGLImpl.validateDrawableSizeConfig(J)Z @ 28
Event: 538.872 Thread 0x00007fb1808a7000 Uncommon trap: reason=unstable_if action=reinterpret pc=0x00000001149b36b8 method=jogamp.opengl.GLFBODrawableImpl.swapFBOImplPost(Lcom/jogamp/opengl/GLContext;)V @ 5
Event: 538.879 Thread 0x00007fb1808a7000 Uncommon trap: reason=unstable_if action=reinterpret pc=0x00000001149d2430 method=java.awt.EventQueue.getPriority(Ljava/awt/AWTEvent;)I @ 71
Event: 538.899 Thread 0x00007fb1800da000 Uncommon trap: reason=class_check action=maybe_recompile pc=0x00000001149c85f0 method=com.jogamp.common.util.RunnableTask.run()V @ 31
Event: 538.921 Thread 0x00007fb1808a7000 Uncommon trap: reason=unstable_if action=reinterpret pc=0x00000001149cb7f8 method=jogamp.opengl.macosx.cgl.MacOSXCGLContext$NSOpenGLImpl.swapBuffers()Z @ 156

Internal exceptions (10 events):
Event: 0.101 Thread 0x00007fb181005800 Exception <a 'java/security/PrivilegedActionException'> (0x0000000795706b20) thrown at [/Users/java_re/workspace/8-2-build-macosx-x86_64/jdk8u111/7883/hotspot/src/share/vm/prims/jvm.cpp, line 1386]
Event: 0.101 Thread 0x00007fb181005800 Exception <a 'java/security/PrivilegedActionException'> (0x0000000795706d30) thrown at [/Users/java_re/workspace/8-2-build-macosx-x86_64/jdk8u111/7883/hotspot/src/share/vm/prims/jvm.cpp, line 1386]
Event: 0.102 Thread 0x00007fb181005800 Exception <a 'java/security/PrivilegedActionException'> (0x000000079570a038) thrown at [/Users/java_re/workspace/8-2-build-macosx-x86_64/jdk8u111/7883/hotspot/src/share/vm/prims/jvm.cpp, line 1386]
Event: 0.102 Thread 0x00007fb181005800 Exception <a 'java/security/PrivilegedActionException'> (0x000000079570a248) thrown at [/Users/java_re/workspace/8-2-build-macosx-x86_64/jdk8u111/7883/hotspot/src/share/vm/prims/jvm.cpp, line 1386]
Event: 0.140 Thread 0x00007fb181005800 Exception <a 'java/lang/NoSuchFieldError': method resolution failed> (0x00000007957debe0) thrown at [/Users/java_re/workspace/8-2-build-macosx-x86_64/jdk8u111/7883/hotspot/src/share/vm/prims/methodHandles.cpp, line 1146]
Event: 0.142 Thread 0x00007fb181005800 Exception <a 'java/lang/NoSuchFieldError': method resolution failed> (0x00000007957ec3b0) thrown at [/Users/java_re/workspace/8-2-build-macosx-x86_64/jdk8u111/7883/hotspot/src/share/vm/prims/methodHandles.cpp, line 1146]
Event: 0.276 Thread 0x00007fb181005800 Exception <a 'java/io/FileNotFoundException'> (0x0000000795866dc0) thrown at [/Users/java_re/workspace/8-2-build-macosx-x86_64/jdk8u111/7883/hotspot/src/share/vm/prims/jni.cpp, line 709]
Event: 0.276 Thread 0x00007fb181005800 Exception <a 'java/io/FileNotFoundException'> (0x0000000795867960) thrown at [/Users/java_re/workspace/8-2-build-macosx-x86_64/jdk8u111/7883/hotspot/src/share/vm/prims/jni.cpp, line 709]
Event: 0.459 Thread 0x00007fb181005800 Exception <a 'java/lang/UnsatisfiedLinkError': com.jogamp.common.util.JarUtil.fixNativeLibAttribs(Ljava/lang/String;)Z> (0x0000000795e22068) thrown at [/Users/java_re/workspace/8-2-build-macosx-x86_64/jdk8u111/7883/hotspot/src/share/vm/prims/nativeLookup.
Event: 43.067 Thread 0x00007fb180013800 Exception <a 'java/lang/NullPointerException'> (0x00000007955ec8b8) thrown at [/Users/java_re/workspace/8-2-build-macosx-x86_64/jdk8u111/7883/hotspot/src/share/vm/interpreter/linkResolver.cpp, line 1178]

Events (10 events):
Event: 558.228 Thread 0x00007fb18001c800 flushing nmethod 0x00000001145dd350
Event: 558.228 Thread 0x00007fb18001c800 flushing nmethod 0x00000001145e94d0
Event: 558.228 Thread 0x00007fb18001c800 flushing nmethod 0x00000001145eff90
Event: 558.228 Thread 0x00007fb18001c800 flushing nmethod 0x00000001145f1990
Event: 558.228 Thread 0x00007fb18001c800 flushing nmethod 0x00000001145f1d90
Event: 558.228 Thread 0x00007fb18001c800 flushing nmethod 0x00000001145f4090
Event: 558.228 Thread 0x00007fb18001c800 flushing nmethod 0x00000001146073d0
Event: 558.228 Thread 0x00007fb18001c800 flushing nmethod 0x000000011460b5d0
Event: 659.477 Executing VM operation: ParallelGCFailedAllocation
Event: 659.483 Executing VM operation: ParallelGCFailedAllocation done


Dynamic libraries:
0x000000002b553000 	/System/Library/Frameworks/Cocoa.framework/Versions/A/Cocoa
0x000000002b553000 	/System/Library/Frameworks/Security.framework/Versions/A/Security
0x000000002b553000 	/System/Library/Frameworks/ApplicationServices.framework/Versions/A/ApplicationServices
0x000000002b553000 	/usr/lib/libz.1.dylib
0x000000002b553000 	/usr/lib/libSystem.B.dylib
0x000000002b553000 	/usr/lib/libobjc.A.dylib
0x000000002b553000 	/System/Library/Frameworks/CoreFoundation.framework/Versions/A/CoreFoundation
0x000000002b553000 	/System/Library/Frameworks/Foundation.framework/Versions/C/Foundation
0x000000002b553000 	/System/Library/Frameworks/AppKit.framework/Versions/C/AppKit
0x000000002b553000 	/System/Library/Frameworks/CoreData.framework/Versions/A/CoreData
0x000000002b553000 	/System/Library/PrivateFrameworks/RemoteViewServices.framework/Versions/A/RemoteViewServices
0x000000002b553000 	/System/Library/PrivateFrameworks/UIFoundation.framework/Versions/A/UIFoundation
0x000000002b553000 	/System/Library/PrivateFrameworks/DFRFoundation.framework/Versions/A/DFRFoundation
0x000000002b553000 	/usr/lib/libenergytrace.dylib
0x000000002b553000 	/System/Library/PrivateFrameworks/SkyLight.framework/Versions/A/SkyLight
0x000000002b553000 	/System/Library/Frameworks/CoreGraphics.framework/Versions/A/CoreGraphics
0x000000002b553000 	/usr/lib/libScreenReader.dylib
0x000000002b553000 	/System/Library/Frameworks/Accelerate.framework/Versions/A/Accelerate
0x000000002b553000 	/System/Library/Frameworks/IOSurface.framework/Versions/A/IOSurface
0x000000002b553000 	/System/Library/Frameworks/AudioToolbox.framework/Versions/A/AudioToolbox
0x000000002b553000 	/System/Library/Frameworks/AudioUnit.framework/Versions/A/AudioUnit
0x000000002b553000 	/System/Library/PrivateFrameworks/DataDetectorsCore.framework/Versions/A/DataDetectorsCore
0x000000002b553000 	/System/Library/PrivateFrameworks/DesktopServicesPriv.framework/Versions/A/DesktopServicesPriv
0x000000002b553000 	/System/Library/Frameworks/Carbon.framework/Versions/A/Frameworks/HIToolbox.framework/Versions/A/HIToolbox
0x000000002b553000 	/usr/lib/libicucore.A.dylib
0x000000002b553000 	/System/Library/Frameworks/QuartzCore.framework/Versions/A/QuartzCore
0x000000002b553000 	/System/Library/Frameworks/Carbon.framework/Versions/A/Frameworks/SpeechRecognition.framework/Versions/A/SpeechRecognition
0x000000002b553000 	/usr/lib/libauto.dylib
0x000000002b553000 	/usr/lib/libxml2.2.dylib
0x000000002b553000 	/System/Library/PrivateFrameworks/CoreUI.framework/Versions/A/CoreUI
0x000000002b553000 	/System/Library/Frameworks/CoreAudio.framework/Versions/A/CoreAudio
0x000000002b553000 	/System/Library/Frameworks/DiskArbitration.framework/Versions/A/DiskArbitration
0x000000002b553000 	/usr/lib/liblangid.dylib
0x000000002b553000 	/System/Library/PrivateFrameworks/MultitouchSupport.framework/Versions/A/MultitouchSupport
0x000000002b553000 	/System/Library/Frameworks/IOKit.framework/Versions/A/IOKit
0x000000002b553000 	/usr/lib/libDiagnosticMessagesClient.dylib
0x000000002b553000 	/System/Library/Frameworks/CoreServices.framework/Versions/A/CoreServices
0x000000002b553000 	/System/Library/PrivateFrameworks/PerformanceAnalysis.framework/Versions/A/PerformanceAnalysis
0x000000002b553000 	/System/Library/PrivateFrameworks/GenerationalStorage.framework/Versions/A/GenerationalStorage
0x000000002b553000 	/System/Library/Frameworks/OpenGL.framework/Versions/A/OpenGL
0x000000002b553000 	/System/Library/Frameworks/CoreImage.framework/Versions/A/CoreImage
0x000000002b553000 	/System/Library/Frameworks/CoreText.framework/Versions/A/CoreText
0x000000002b553000 	/System/Library/Frameworks/ImageIO.framework/Versions/A/ImageIO
0x000000002b553000 	/System/Library/PrivateFrameworks/Backup.framework/Versions/A/Backup
0x000000002b553000 	/usr/lib/libarchive.2.dylib
0x000000002b553000 	/System/Library/Frameworks/CFNetwork.framework/Versions/A/CFNetwork
0x000000002b553000 	/System/Library/Frameworks/SystemConfiguration.framework/Versions/A/SystemConfiguration
0x000000002b553000 	/usr/lib/libCRFSuite.dylib
0x000000002b553000 	/usr/lib/libc++.1.dylib
0x000000002b553000 	/usr/lib/libc++abi.dylib
0x000000002b553000 	/usr/lib/system/libcache.dylib
0x000000002b553000 	/usr/lib/system/libcommonCrypto.dylib
0x000000002b553000 	/usr/lib/system/libcompiler_rt.dylib
0x000000002b553000 	/usr/lib/system/libcopyfile.dylib
0x000000002b553000 	/usr/lib/system/libcorecrypto.dylib
0x000000002b553000 	/usr/lib/system/libdispatch.dylib
0x000000002b553000 	/usr/lib/system/libdyld.dylib
0x000000002b553000 	/usr/lib/system/libkeymgr.dylib
0x000000002b553000 	/usr/lib/system/liblaunch.dylib
0x000000002b553000 	/usr/lib/system/libmacho.dylib
0x000000002b553000 	/usr/lib/system/libquarantine.dylib
0x000000002b553000 	/usr/lib/system/libremovefile.dylib
0x000000002b553000 	/usr/lib/system/libsystem_asl.dylib
0x000000002b553000 	/usr/lib/system/libsystem_blocks.dylib
0x000000002b553000 	/usr/lib/system/libsystem_c.dylib
0x000000002b553000 	/usr/lib/system/libsystem_configuration.dylib
0x000000002b553000 	/usr/lib/system/libsystem_coreservices.dylib
0x000000002b553000 	/usr/lib/system/libsystem_coretls.dylib
0x000000002b553000 	/usr/lib/system/libsystem_dnssd.dylib
0x000000002b553000 	/usr/lib/system/libsystem_info.dylib
0x000000002b553000 	/usr/lib/system/libsystem_kernel.dylib
0x000000002b553000 	/usr/lib/system/libsystem_m.dylib
0x000000002b553000 	/usr/lib/system/libsystem_malloc.dylib
0x000000002b553000 	/usr/lib/system/libsystem_network.dylib
0x000000002b553000 	/usr/lib/system/libsystem_networkextension.dylib
0x000000002b553000 	/usr/lib/system/libsystem_notify.dylib
0x000000002b553000 	/usr/lib/system/libsystem_platform.dylib
0x000000002b553000 	/usr/lib/system/libsystem_pthread.dylib
0x000000002b553000 	/usr/lib/system/libsystem_sandbox.dylib
0x000000002b553000 	/usr/lib/system/libsystem_secinit.dylib
0x000000002b553000 	/usr/lib/system/libsystem_symptoms.dylib
0x000000002b553000 	/usr/lib/system/libsystem_trace.dylib
0x000000002b553000 	/usr/lib/system/libunwind.dylib
0x000000002b553000 	/usr/lib/system/libxpc.dylib
0x000000002b553000 	/usr/lib/libbsm.0.dylib
0x000000002b553000 	/usr/lib/system/libkxld.dylib
0x000000002b553000 	/usr/lib/libcoretls.dylib
0x000000002b553000 	/usr/lib/libcoretls_cfhelpers.dylib
0x000000002b553000 	/usr/lib/libxar.1.dylib
0x000000002b553000 	/usr/lib/libsqlite3.dylib
0x000000002b553000 	/usr/lib/libpam.2.dylib
0x000000002b553000 	/usr/lib/libOpenScriptingUtil.dylib
0x000000002b553000 	/usr/lib/libbz2.1.0.dylib
0x000000002b553000 	/usr/lib/liblzma.5.dylib
0x000000002b553000 	/usr/lib/libnetwork.dylib
0x000000002b553000 	/usr/lib/libpcap.A.dylib
0x000000002b553000 	/System/Library/Frameworks/CoreServices.framework/Versions/A/Frameworks/FSEvents.framework/Versions/A/FSEvents
0x000000002b553000 	/System/Library/Frameworks/CoreServices.framework/Versions/A/Frameworks/CarbonCore.framework/Versions/A/CarbonCore
0x000000002b553000 	/System/Library/Frameworks/CoreServices.framework/Versions/A/Frameworks/Metadata.framework/Versions/A/Metadata
0x000000002b553000 	/System/Library/Frameworks/CoreServices.framework/Versions/A/Frameworks/OSServices.framework/Versions/A/OSServices
0x000000002b553000 	/System/Library/Frameworks/CoreServices.framework/Versions/A/Frameworks/SearchKit.framework/Versions/A/SearchKit
0x000000002b553000 	/System/Library/Frameworks/CoreServices.framework/Versions/A/Frameworks/AE.framework/Versions/A/AE
0x000000002b553000 	/System/Library/Frameworks/CoreServices.framework/Versions/A/Frameworks/LaunchServices.framework/Versions/A/LaunchServices
0x000000002b553000 	/System/Library/Frameworks/CoreServices.framework/Versions/A/Frameworks/DictionaryServices.framework/Versions/A/DictionaryServices
0x000000002b553000 	/System/Library/Frameworks/CoreServices.framework/Versions/A/Frameworks/SharedFileList.framework/Versions/A/SharedFileList
0x000000002b553000 	/System/Library/Frameworks/NetFS.framework/Versions/A/NetFS
0x000000002b553000 	/System/Library/PrivateFrameworks/NetAuth.framework/Versions/A/NetAuth
0x000000002b553000 	/System/Library/PrivateFrameworks/login.framework/Versions/A/Frameworks/loginsupport.framework/Versions/A/loginsupport
0x000000002b553000 	/System/Library/PrivateFrameworks/TCC.framework/Versions/A/TCC
0x000000002b553000 	/usr/lib/libmecabra.dylib
0x000000002b553000 	/System/Library/Frameworks/ApplicationServices.framework/Versions/A/Frameworks/ATS.framework/Versions/A/ATS
0x000000002b553000 	/System/Library/Frameworks/ApplicationServices.framework/Versions/A/Frameworks/ColorSync.framework/Versions/A/ColorSync
0x000000002b553000 	/System/Library/Frameworks/ApplicationServices.framework/Versions/A/Frameworks/HIServices.framework/Versions/A/HIServices
0x000000002b553000 	/System/Library/Frameworks/ApplicationServices.framework/Versions/A/Frameworks/LangAnalysis.framework/Versions/A/LangAnalysis
0x000000002b553000 	/System/Library/Frameworks/ApplicationServices.framework/Versions/A/Frameworks/PrintCore.framework/Versions/A/PrintCore
0x000000002b553000 	/System/Library/Frameworks/ApplicationServices.framework/Versions/A/Frameworks/QD.framework/Versions/A/QD
0x000000002b553000 	/System/Library/Frameworks/ApplicationServices.framework/Versions/A/Frameworks/SpeechSynthesis.framework/Versions/A/SpeechSynthesis
0x000000002b553000 	/System/Library/Frameworks/Accelerate.framework/Versions/A/Frameworks/vImage.framework/Versions/A/vImage
0x000000002b553000 	/System/Library/Frameworks/Accelerate.framework/Versions/A/Frameworks/vecLib.framework/Versions/A/vecLib
0x000000002b553000 	/System/Library/Frameworks/Accelerate.framework/Versions/A/Frameworks/vecLib.framework/Versions/A/libvDSP.dylib
0x000000002b553000 	/System/Library/Frameworks/Accelerate.framework/Versions/A/Frameworks/vecLib.framework/Versions/A/libBNNS.dylib
0x000000002b553000 	/System/Library/Frameworks/Accelerate.framework/Versions/A/Frameworks/vecLib.framework/Versions/A/libQuadrature.dylib
0x000000002b553000 	/System/Library/Frameworks/Accelerate.framework/Versions/A/Frameworks/vecLib.framework/Versions/A/libvMisc.dylib
0x000000002b553000 	/System/Library/Frameworks/Accelerate.framework/Versions/A/Frameworks/vecLib.framework/Versions/A/libLAPACK.dylib
0x000000002b553000 	/System/Library/Frameworks/Accelerate.framework/Versions/A/Frameworks/vecLib.framework/Versions/A/libBLAS.dylib
0x000000002b553000 	/System/Library/Frameworks/Accelerate.framework/Versions/A/Frameworks/vecLib.framework/Versions/A/libLinearAlgebra.dylib
0x000000002b553000 	/System/Library/Frameworks/Accelerate.framework/Versions/A/Frameworks/vecLib.framework/Versions/A/libSparseBLAS.dylib
0x000000002b553000 	/System/Library/Frameworks/ApplicationServices.framework/Versions/A/Frameworks/ATS.framework/Versions/A/Resources/libFontParser.dylib
0x000000002b553000 	/System/Library/Frameworks/ApplicationServices.framework/Versions/A/Frameworks/ATS.framework/Versions/A/Resources/libFontRegistry.dylib
0x000000002b553000 	/System/Library/Frameworks/ImageIO.framework/Versions/A/Resources/libJPEG.dylib
0x000000002b553000 	/System/Library/Frameworks/ImageIO.framework/Versions/A/Resources/libTIFF.dylib
0x000000002b553000 	/System/Library/Frameworks/ImageIO.framework/Versions/A/Resources/libPng.dylib
0x000000002b553000 	/System/Library/Frameworks/ImageIO.framework/Versions/A/Resources/libGIF.dylib
0x000000002b553000 	/System/Library/Frameworks/ImageIO.framework/Versions/A/Resources/libJP2.dylib
0x000000002b553000 	/System/Library/Frameworks/ImageIO.framework/Versions/A/Resources/libRadiance.dylib
0x000000002b553000 	/usr/lib/libcompression.dylib
0x000000002b553000 	/System/Library/PrivateFrameworks/AppleJPEG.framework/Versions/A/AppleJPEG
0x000000002b553000 	/usr/lib/libcups.2.dylib
0x000000002b553000 	/System/Library/Frameworks/Kerberos.framework/Versions/A/Kerberos
0x000000002b553000 	/System/Library/Frameworks/GSS.framework/Versions/A/GSS
0x000000002b553000 	/usr/lib/libresolv.9.dylib
0x000000002b553000 	/usr/lib/libiconv.2.dylib
0x000000002b553000 	/System/Library/PrivateFrameworks/Heimdal.framework/Versions/A/Heimdal
0x000000002b553000 	/usr/lib/libheimdal-asn1.dylib
0x000000002b553000 	/System/Library/Frameworks/OpenDirectory.framework/Versions/A/OpenDirectory
0x000000002b553000 	/System/Library/PrivateFrameworks/CommonAuth.framework/Versions/A/CommonAuth
0x000000002b553000 	/System/Library/Frameworks/OpenDirectory.framework/Versions/A/Frameworks/CFOpenDirectory.framework/Versions/A/CFOpenDirectory
0x000000002b553000 	/System/Library/Frameworks/SecurityFoundation.framework/Versions/A/SecurityFoundation
0x000000002b553000 	/System/Library/PrivateFrameworks/LanguageModeling.framework/Versions/A/LanguageModeling
0x000000002b553000 	/usr/lib/libmarisa.dylib
0x000000002b553000 	/usr/lib/libChineseTokenizer.dylib
0x000000002b553000 	/usr/lib/libcmph.dylib
0x000000002b553000 	/System/Library/PrivateFrameworks/CoreEmoji.framework/Versions/A/CoreEmoji
0x000000002b553000 	/System/Library/Frameworks/ServiceManagement.framework/Versions/A/ServiceManagement
0x000000002b553000 	/usr/lib/libxslt.1.dylib
0x000000002b553000 	/System/Library/Frameworks/Carbon.framework/Versions/A/Frameworks/Ink.framework/Versions/A/Ink
0x000000002b553000 	/System/Library/PrivateFrameworks/TextureIO.framework/Versions/A/TextureIO
0x000000002b553000 	/System/Library/Frameworks/Metal.framework/Versions/A/Metal
0x000000002b553000 	/usr/lib/libate.dylib
0x000000002b553000 	/System/Library/PrivateFrameworks/GPUCompiler.framework/libmetal_timestamp.dylib
0x000000002b553000 	/System/Library/Frameworks/OpenGL.framework/Versions/A/Libraries/libCoreFSCache.dylib
0x000000002b553000 	/System/Library/PrivateFrameworks/IOAccelerator.framework/Versions/A/IOAccelerator
0x000000002b553000 	/System/Library/Frameworks/CoreVideo.framework/Versions/A/CoreVideo
0x000000002b553000 	/usr/lib/libFosl_dynamic.dylib
0x000000002b553000 	/System/Library/PrivateFrameworks/MetalPerformanceShaders.framework/Versions/A/MetalPerformanceShaders
0x000000002b553000 	/System/Library/PrivateFrameworks/FaceCore.framework/Versions/A/FaceCore
0x000000002b553000 	/System/Library/Frameworks/OpenCL.framework/Versions/A/OpenCL
0x000000002b553000 	/System/Library/Frameworks/OpenGL.framework/Versions/A/Libraries/libGLU.dylib
0x000000002b553000 	/System/Library/Frameworks/OpenGL.framework/Versions/A/Libraries/libGFXShared.dylib
0x000000002b553000 	/System/Library/Frameworks/OpenGL.framework/Versions/A/Libraries/libGL.dylib
0x000000002b553000 	/System/Library/Frameworks/OpenGL.framework/Versions/A/Libraries/libGLImage.dylib
0x000000002b553000 	/System/Library/Frameworks/OpenGL.framework/Versions/A/Libraries/libCVMSPluginSupport.dylib
0x000000002b553000 	/System/Library/Frameworks/OpenGL.framework/Versions/A/Libraries/libCoreVMClient.dylib
0x000000002b553000 	/System/Library/PrivateFrameworks/CrashReporterSupport.framework/Versions/A/CrashReporterSupport
0x000000002b553000 	/System/Library/PrivateFrameworks/Sharing.framework/Versions/A/Sharing
0x000000002b553000 	/System/Library/PrivateFrameworks/IconServices.framework/Versions/A/IconServices
0x000000002b553000 	/System/Library/PrivateFrameworks/ProtocolBuffer.framework/Versions/A/ProtocolBuffer
0x000000002b553000 	/System/Library/PrivateFrameworks/Apple80211.framework/Versions/A/Apple80211
0x000000002b553000 	/System/Library/Frameworks/CoreWLAN.framework/Versions/A/CoreWLAN
0x000000002b553000 	/System/Library/PrivateFrameworks/CoreUtils.framework/Versions/A/CoreUtils
0x000000002b553000 	/System/Library/Frameworks/IOBluetooth.framework/Versions/A/IOBluetooth
0x000000002b553000 	/System/Library/PrivateFrameworks/CoreWiFi.framework/Versions/A/CoreWiFi
0x000000002b553000 	/System/Library/Frameworks/CoreBluetooth.framework/Versions/A/CoreBluetooth
0x000000002b553000 	/System/Library/Frameworks/CoreDisplay.framework/Versions/A/CoreDisplay
0x000000002b553000 	/System/Library/PrivateFrameworks/IOPresentment.framework/Versions/A/IOPresentment
0x000000002b553000 	/System/Library/PrivateFrameworks/DebugSymbols.framework/Versions/A/DebugSymbols
0x000000002b553000 	/System/Library/PrivateFrameworks/CoreSymbolication.framework/Versions/A/CoreSymbolication
0x000000002b553000 	/System/Library/PrivateFrameworks/Symbolication.framework/Versions/A/Symbolication
0x000000002b553000 	/System/Library/PrivateFrameworks/AppleFSCompression.framework/Versions/A/AppleFSCompression
0x000000002b553000 	/System/Library/PrivateFrameworks/SpeechRecognitionCore.framework/Versions/A/SpeechRecognitionCore
0x000000002b553000 	/System/Library/PrivateFrameworks/ChunkingLibrary.framework/Versions/A/ChunkingLibrary
0x00000001094e0000 	/System/Library/CoreServices/Encodings/libSimplifiedChineseConverter.dylib
0x000000010a600000 	/Library/Java/JavaVirtualMachines/jdk1.8.0_111.jdk/Contents/Home/jre/lib/server/libjvm.dylib
0x000000002b553000 	/usr/lib/libstdc++.6.dylib
0x0000000109524000 	/Library/Java/JavaVirtualMachines/jdk1.8.0_111.jdk/Contents/Home/jre/lib/libverify.dylib
0x0000000109532000 	/Library/Java/JavaVirtualMachines/jdk1.8.0_111.jdk/Contents/Home/jre/lib/libjava.dylib
0x0000000109571000 	/Library/Java/JavaVirtualMachines/jdk1.8.0_111.jdk/Contents/Home/jre/lib/libzip.dylib
0x0000000112b14000 	/System/Library/Frameworks/JavaVM.framework/Frameworks/JavaRuntimeSupport.framework/JavaRuntimeSupport
0x00000001095eb000 	/System/Library/Frameworks/JavaVM.framework/Versions/A/Frameworks/JavaNativeFoundation.framework/Versions/A/JavaNativeFoundation
0x0000000112b2e000 	/System/Library/Frameworks/JavaVM.framework/Versions/A/JavaVM
0x000000002b553000 	/System/Library/Frameworks/Carbon.framework/Versions/A/Carbon
0x0000000112b3b000 	/System/Library/PrivateFrameworks/JavaLaunching.framework/Versions/A/JavaLaunching
0x000000002b553000 	/System/Library/Frameworks/Carbon.framework/Versions/A/Frameworks/CommonPanels.framework/Versions/A/CommonPanels
0x000000002b553000 	/System/Library/Frameworks/Carbon.framework/Versions/A/Frameworks/Help.framework/Versions/A/Help
0x000000002b553000 	/System/Library/Frameworks/Carbon.framework/Versions/A/Frameworks/ImageCapture.framework/Versions/A/ImageCapture
0x000000002b553000 	/System/Library/Frameworks/Carbon.framework/Versions/A/Frameworks/OpenScripting.framework/Versions/A/OpenScripting
0x000000002b553000 	/System/Library/Frameworks/Carbon.framework/Versions/A/Frameworks/Print.framework/Versions/A/Print
0x000000002b553000 	/System/Library/Frameworks/Carbon.framework/Versions/A/Frameworks/SecurityHI.framework/Versions/A/SecurityHI
0x0000000123505000 	/Library/Java/JavaVirtualMachines/jdk1.8.0_111.jdk/Contents/Home/jre/lib/libawt.dylib
0x00000001235ad000 	/Library/Java/JavaVirtualMachines/jdk1.8.0_111.jdk/Contents/Home/jre/lib/./libmlib_image.dylib
0x0000000123679000 	/Library/Java/JavaVirtualMachines/jdk1.8.0_111.jdk/Contents/Home/jre/lib/libawt_lwawt.dylib
0x000000012372e000 	/Library/Java/JavaVirtualMachines/jdk1.8.0_111.jdk/Contents/Home/jre/lib/./libosxapp.dylib
0x000000002b553000 	/System/Library/Frameworks/ExceptionHandling.framework/Versions/A/ExceptionHandling
0x000000002b553000 	/System/Library/PrivateFrameworks/CoreServicesInternal.framework/Versions/A/CoreServicesInternal
0x000000002b553000 	/System/Library/CoreServices/RawCamera.bundle/Contents/MacOS/RawCamera
0x000000002b553000 	/System/Library/Frameworks/Accelerate.framework/Versions/A/Frameworks/vImage.framework/Versions/A/Libraries/libCGInterfaces.dylib
0x000000002b553000 	/System/Library/Frameworks/ApplicationServices.framework/Versions/A/Frameworks/ATS.framework/Versions/A/Resources/libTrueTypeScaler.dylib
0x000000002b553000 	/System/Library/Frameworks/OpenGL.framework/Versions/A/Resources/GLEngine.bundle/GLEngine
0x000000002b553000 	/System/Library/Frameworks/OpenGL.framework/Versions/A/Libraries/libGLProgrammability.dylib
0x0000000125329000 	/System/Library/Extensions/AppleIntelHD5000GraphicsGLDriver.bundle/Contents/MacOS/AppleIntelHD5000GraphicsGLDriver
0x000000002b553000 	/System/Library/PrivateFrameworks/GPUSupport.framework/Versions/A/Libraries/libGPUSupportMercury.dylib
0x000000002b553000 	/System/Library/Frameworks/OpenGL.framework/Versions/A/Resources/GLRendererFloat.bundle/GLRendererFloat
0x000000002b553000 	/System/Library/Frameworks/OpenCL.framework/Versions/A/Libraries/libcldcpuengine.dylib
0x000000002b553000 	/usr/lib/libcrypto.0.9.8.dylib
0x000000002b553000 	/System/Library/PrivateFrameworks/TrustEvaluationAgent.framework/Versions/A/TrustEvaluationAgent
0x0000000125a88000 	/System/Library/Extensions/AppleIntelHD5000GraphicsMTLDriver.bundle/Contents/MacOS/AppleIntelHD5000GraphicsMTLDriver
0x000000002b553000 	/System/Library/PrivateFrameworks/FamilyControls.framework/Versions/A/FamilyControls
0x000000002b553000 	/System/Library/PrivateFrameworks/CommerceKit.framework/Versions/A/Frameworks/CommerceCore.framework/Versions/A/CommerceCore
0x000000002b553000 	/System/Library/PrivateFrameworks/SystemAdministration.framework/Versions/A/SystemAdministration
0x000000002b553000 	/System/Library/PrivateFrameworks/AppContainer.framework/Versions/A/AppContainer
0x000000002b553000 	/System/Library/PrivateFrameworks/SecCodeWrapper.framework/Versions/A/SecCodeWrapper
0x000000002b553000 	/System/Library/Frameworks/DirectoryService.framework/Versions/A/DirectoryService
0x000000002b553000 	/System/Library/PrivateFrameworks/DiskImages.framework/Versions/A/DiskImages
0x000000002b553000 	/System/Library/PrivateFrameworks/LoginUIKit.framework/Versions/A/Frameworks/LoginUICore.framework/Versions/A/LoginUICore
0x000000002b553000 	/usr/lib/libCoreStorage.dylib
0x000000002b553000 	/usr/lib/libcsfde.dylib
0x000000002b553000 	/usr/lib/libodfde.dylib
0x000000002b553000 	/System/Library/Frameworks/DiscRecording.framework/Versions/A/DiscRecording
0x000000002b553000 	/usr/lib/libcurl.4.dylib
0x000000002b553000 	/System/Library/PrivateFrameworks/MediaKit.framework/Versions/A/MediaKit
0x000000002b553000 	/System/Library/PrivateFrameworks/ProtectedCloudStorage.framework/Versions/A/ProtectedCloudStorage
0x000000002b553000 	/System/Library/PrivateFrameworks/EFILogin.framework/Versions/A/EFILogin
0x000000002b553000 	/usr/lib/libutil.dylib
0x000000002b553000 	/System/Library/Frameworks/LDAP.framework/Versions/A/LDAP
0x000000002b553000 	/usr/lib/libsasl2.2.dylib
0x000000002b553000 	/System/Library/PrivateFrameworks/CoreDaemon.framework/Versions/B/CoreDaemon
0x000000002b553000 	/System/Library/PrivateFrameworks/AppleSRP.framework/Versions/A/AppleSRP
0x000000002b553000 	/System/Library/PrivateFrameworks/APFS.framework/Versions/A/APFS
0x0000000127695000 	/Library/Java/JavaVirtualMachines/jdk1.8.0_111.jdk/Contents/Home/jre/lib/libfontmanager.dylib
0x0000000127718000 	/Library/Java/JavaVirtualMachines/jdk1.8.0_111.jdk/Contents/Home/jre/lib/libnet.dylib
0x0000000127777000 	/Library/Java/JavaVirtualMachines/jdk1.8.0_111.jdk/Contents/Home/jre/lib/libnio.dylib
0x0000000125c47000 	/private/var/folders/gz/9clbj3716cq8xw_h41fv_0l40000gn/T/jogamp_0000/file_cache/jln4675304672278185938/jln5625394815220925020/natives/macosx-universal/libgluegen-rt.jnilib
0x0000000127788000 	/private/var/folders/gz/9clbj3716cq8xw_h41fv_0l40000gn/T/jogamp_0000/file_cache/jln4675304672278185938/jln5625394815220925020/natives/macosx-universal/libnativewindow_awt.jnilib
0x000000012778b000 	/Library/Java/JavaVirtualMachines/jdk1.8.0_111.jdk/Contents/Home/jre/lib/libjawt.dylib
0x000000012778e000 	/private/var/folders/gz/9clbj3716cq8xw_h41fv_0l40000gn/T/jogamp_0000/file_cache/jln4675304672278185938/jln5625394815220925020/natives/macosx-universal/libnativewindow_macosx.jnilib
0x000000002b553000 	/System/Library/PrivateFrameworks/ViewBridge.framework/Versions/A/ViewBridge
0x000000002b553000 	/System/Library/PrivateFrameworks/XPCService.framework/Versions/A/XPCService
0x000000002b553000 	/System/Library/PrivateFrameworks/AppSandbox.framework/Versions/A/AppSandbox
0x000000002b553000 	/usr/lib/libsandbox.1.dylib
0x000000002b553000 	/usr/lib/libMatch.1.dylib
0x0000000127c30000 	/private/var/folders/gz/9clbj3716cq8xw_h41fv_0l40000gn/T/jogamp_0000/file_cache/jln4675304672278185938/jln5625394815220925020/natives/macosx-universal/libjogl_desktop.jnilib
0x0000000127d04000 	/private/var/folders/gz/9clbj3716cq8xw_h41fv_0l40000gn/T/jogamp_0000/file_cache/jln4675304672278185938/jln5625394815220925020/natives/macosx-universal/libjogl_mobile.jnilib

VM Arguments:
jvm_args: -Dfile.encoding=UTF-8 
java_command: BuildEventListener
java_class_path (initial): /Users/gabrielhsueh/Desktop/Eclipse/Submarine Scene Project/bin:/Users/gabrielhsueh/Desktop/jogamp-all-platforms/jar/gluegen-rt.jar:/Users/gabrielhsueh/Desktop/jogamp-all-platforms/jar/jogl-all.jar
Launcher Type: SUN_STANDARD

Environment Variables:
PATH=/usr/bin:/bin:/usr/sbin:/sbin
SHELL=/bin/bash

Signal Handlers:
SIGSEGV: [libjvm.dylib+0x5b03ed], sa_mask[0]=11111111011111110111111111111111, sa_flags=SA_ONSTACK|SA_RESTART|SA_SIGINFO
SIGBUS: [libjvm.dylib+0x5b03ed], sa_mask[0]=11111111011111110111111111111111, sa_flags=SA_RESTART|SA_SIGINFO
SIGFPE: [libjvm.dylib+0x48711c], sa_mask[0]=11111111011111110111111111111111, sa_flags=SA_RESTART|SA_SIGINFO
SIGPIPE: [libjvm.dylib+0x48711c], sa_mask[0]=11111111011111110111111111111111, sa_flags=SA_RESTART|SA_SIGINFO
SIGXFSZ: [libjvm.dylib+0x48711c], sa_mask[0]=11111111011111110111111111111111, sa_flags=SA_RESTART|SA_SIGINFO
SIGILL: [libjvm.dylib+0x48711c], sa_mask[0]=11111111011111110111111111111111, sa_flags=SA_RESTART|SA_SIGINFO
SIGUSR1: SIG_DFL, sa_mask[0]=00000000000000000000000000000000, sa_flags=none
SIGUSR2: [libjvm.dylib+0x486c3a], sa_mask[0]=00100000000000000000000000000000, sa_flags=SA_RESTART|SA_SIGINFO
SIGHUP: [libjvm.dylib+0x485211], sa_mask[0]=11111111011111110111111111111111, sa_flags=SA_RESTART|SA_SIGINFO
SIGINT: [libjvm.dylib+0x485211], sa_mask[0]=11111111011111110111111111111111, sa_flags=SA_RESTART|SA_SIGINFO
SIGTERM: [libjvm.dylib+0x485211], sa_mask[0]=11111111011111110111111111111111, sa_flags=SA_RESTART|SA_SIGINFO
SIGQUIT: [libjvm.dylib+0x485211], sa_mask[0]=11111111011111110111111111111111, sa_flags=SA_RESTART|SA_SIGINFO


---------------  S Y S T E M  ---------------

OS:Bsduname:Darwin 16.3.0 Darwin Kernel Version 16.3.0: Thu Nov 17 20:23:58 PST 2016; root:xnu-3789.31.2~1/RELEASE_X86_64 x86_64
rlimit: STACK 8192k, CORE 0k, NPROC 709, NOFILE 10240, AS infinity
load average:2.17 2.19 2.11

CPU:total 8 (4 cores per cpu, 2 threads per core) family 6 model 70 stepping 1, cmov, cx8, fxsr, mmx, sse, sse2, sse3, ssse3, sse4.1, sse4.2, popcnt, avx, avx2, aes, clmul, erms, lzcnt, ht, tsc, tscinvbit, bmi1, bmi2

Memory: 4k page, physical 8388608k(48872k free)

/proc/meminfo:


vm_info: Java HotSpot(TM) 64-Bit Server VM (25.111-b14) for bsd-amd64 JRE (1.8.0_111-b14), built on Sep 22 2016 15:31:41 by "java_re" with gcc 4.2.1 (Based on Apple Inc. build 5658) (LLVM build 2336.11.00)

time: Wed May 31 00:25:39 2017
elapsed time: 659 seconds (0d 0h 10m 59s)

